[2022-11-11T07:50:36.605Z] [32minfo[39m: ==== Bot ready :: ProIntro =====
[2022-11-11T07:54:26.848Z] [32minfo[39m: ==== Bot ready :: ProIntro =====
[2022-11-11T08:05:37.472Z] [32minfo[39m: ==== Bot ready :: ProIntro =====
[2022-11-11T11:33:28.643Z] [32minfo[39m: ==== Bot ready :: ProIntro =====
[2022-11-11T13:58:19.600Z] [32minfo[39m: ==== Bot ready :: ProIntro =====
[2022-11-11T14:12:15.281Z] [32minfo[39m: ==== Bot ready :: ProIntro =====
[2022-11-11T14:12:20.476Z] [32minfo[39m: ==== Bot ready :: ProIntro =====
[2022-11-11T14:12:43.881Z] [32minfo[39m: ==== Bot ready :: ProIntro =====
[2022-11-11T14:13:22.567Z] [32minfo[39m: ==== Bot ready :: ProIntro =====
[2022-11-11T14:13:35.975Z] [32minfo[39m: ==== Bot ready :: ProIntro =====
[2022-11-11T14:14:34.374Z] [32minfo[39m: ==== Bot ready :: ProIntro =====
[2022-11-11T14:14:36.740Z] [32minfo[39m: ==== Bot ready :: ProIntro =====
[2022-11-11T14:20:12.552Z] [32minfo[39m: ==== Bot ready :: ProIntro =====
[2022-11-11T14:20:23.204Z] [32minfo[39m: ==== Bot ready :: ProIntro =====
[2022-11-11T14:20:45.945Z] [32minfo[39m: ==== Bot ready :: ProIntro =====
[2022-11-11T14:32:13.524Z] [32minfo[39m: ==== Bot ready :: ProIntro =====
[2022-11-11T14:42:31.158Z] [32minfo[39m: ==== Bot ready :: ProIntro =====
[2022-11-11T16:54:18.681Z] [32minfo[39m: ==== Bot ready :: ProIntro =====
[2022-11-11T17:21:09.905Z] [32minfo[39m: ==== Bot ready :: ProIntro =====
[2022-11-11T17:21:12.673Z] [32minfo[39m: ==== Bot ready :: ProIntro =====
[2022-11-11T17:21:23.017Z] [32minfo[39m: ==== Bot ready :: ProIntro =====
[2022-11-11T17:33:34.225Z] [32minfo[39m: ==== Bot ready :: ProIntro =====
[2022-11-11T17:34:08.400Z] [32minfo[39m: ==== Bot ready :: ProIntro =====
[2022-11-11T17:36:11.579Z] [32minfo[39m: ==== Bot ready :: ProIntro =====
[2022-11-11T17:36:28.262Z] [32minfo[39m: ==== Bot ready :: ProIntro =====
[2022-11-11T18:40:47.382Z] [32minfo[39m: ==== Bot ready :: ProIntro =====
[2022-11-11T18:43:55.534Z] [32minfo[39m: ==== Bot ready :: ProIntro =====
[2022-11-11T18:44:19.494Z] [32minfo[39m: ==== Bot ready :: ProIntro =====
[2022-11-11T18:44:49.382Z] [32minfo[39m: ==== Bot ready :: ProIntro =====
[2022-11-11T18:48:38.828Z] [32minfo[39m: ==== Bot ready :: ProIntro =====
[2022-11-11T18:50:57.733Z] [32minfo[39m: ==== Bot ready :: ProIntro =====
[2022-11-11T18:51:18.530Z] [32minfo[39m: ==== Bot ready :: ProIntro =====
[2022-11-11T18:51:33.019Z] [32minfo[39m: ==== Bot ready :: ProIntro =====
[2022-11-11T18:52:17.508Z] [32minfo[39m: ==== Bot ready :: ProIntro =====
[2022-11-11T18:55:44.792Z] [32minfo[39m: ==== Bot ready :: ProIntro =====
[2022-11-11T18:56:13.073Z] [32minfo[39m: ==== Bot ready :: ProIntro =====
[2022-11-11T19:00:18.926Z] [32minfo[39m: ==== Bot ready :: ProIntro =====
[2022-11-11T19:26:48.409Z] [32minfo[39m: ==== Bot ready :: ProIntro =====
[2022-11-11T19:28:46.952Z] [32minfo[39m: ==== Bot ready :: ProIntro =====
[2022-11-11T19:28:48.770Z] [32minfo[39m: ==== Bot ready :: ProIntro =====
[2022-11-12T11:23:46.296Z] [32minfo[39m: ==== Bot ready :: ProIntro =====
[2022-11-12T11:25:33.201Z] [32minfo[39m: ==== Bot ready :: ProIntro =====
[2022-11-12T11:25:38.494Z] [32minfo[39m: ==== Bot ready :: ProIntro =====
[2022-11-12T11:26:23.315Z] [32minfo[39m: ==== Bot ready :: ProIntro =====
[2022-11-12T11:26:44.085Z] [32minfo[39m: ==== Bot ready :: ProIntro =====
[2022-11-12T11:32:40.399Z] [32minfo[39m: ==== Bot ready :: ProIntro =====
[2022-11-12T11:33:10.271Z] [32minfo[39m: ==== Bot ready :: ProIntro =====
[2022-11-12T11:33:22.770Z] [32minfo[39m: ==== Bot ready :: ProIntro =====
[2022-11-12T11:33:59.269Z] [32minfo[39m: ==== Bot ready :: ProIntro =====
[2022-11-12T11:34:09.019Z] [32minfo[39m: ==== Bot ready :: ProIntro =====
[2022-11-12T11:46:19.796Z] [32minfo[39m: ==== Bot ready :: ProIntro =====
[2022-11-12T11:46:49.592Z] [32minfo[39m: ==== Bot ready :: ProIntro =====
[2022-11-12T11:47:29.486Z] [32minfo[39m: ==== Bot ready :: ProIntro =====
[2022-11-12T11:50:35.379Z] [32minfo[39m: ==== Bot ready :: ProIntro =====
[2022-11-12T11:51:21.182Z] [32minfo[39m: ==== Bot ready :: ProIntro =====
[2022-11-12T11:52:13.497Z] [32minfo[39m: ==== Bot ready :: ProIntro =====
[2022-11-12T11:52:27.962Z] [32minfo[39m: ==== Bot ready :: ProIntro =====
[2022-11-12T11:52:32.140Z] [32minfo[39m: ==== Bot ready :: ProIntro =====
[2022-11-13T04:08:02.157Z] [32minfo[39m: ==== Bot ready :: ProIntro =====
[2022-11-13T04:08:43.956Z] [32minfo[39m: ==== Bot ready :: ProIntro =====
[2022-11-13T04:16:46.712Z] [32minfo[39m: ==== Bot ready :: ProIntro =====
[2022-11-13T04:16:49.480Z] [32minfo[39m: ==== Bot ready :: ProIntro =====
[2022-11-13T04:16:57.582Z] [32minfo[39m: ==== Bot ready :: ProIntro =====
[2022-11-13T04:17:00.724Z] [32minfo[39m: ==== Bot ready :: ProIntro =====
[2022-11-13T04:17:09.342Z] [32minfo[39m: ==== Bot ready :: ProIntro =====
[2022-11-13T04:17:19.998Z] [32minfo[39m: ==== Bot ready :: ProIntro =====
[2022-11-13T04:17:21.718Z] [32minfo[39m: ==== Bot ready :: ProIntro =====
[2022-11-13T04:17:35.374Z] [32minfo[39m: ==== Bot ready :: ProIntro =====
[2022-11-13T04:24:36.722Z] [32minfo[39m: ==== Bot ready :: ProIntro =====
[2022-11-13T04:28:20.911Z] [32minfo[39m: ==== Bot ready :: ProIntro =====
[2022-11-13T04:31:04.169Z] [32minfo[39m: ==== Bot ready :: ProIntro =====
[2022-11-13T04:43:02.846Z] [32minfo[39m: ==== Bot ready :: ProIntro =====
[2022-11-13T08:24:03.058Z] [32minfo[39m: ==== Bot ready :: ProIntro =====
[2022-11-13T08:24:51.138Z] [32minfo[39m: ==== Bot ready :: ProIntro =====
[2022-11-13T08:24:54.423Z] [32minfo[39m: ==== Bot ready :: ProIntro =====
[2022-11-13T08:25:06.598Z] [32minfo[39m: ==== Bot ready :: ProIntro =====
[2022-11-13T08:25:24.299Z] [32minfo[39m: ==== Bot ready :: ProIntro =====
[2022-11-13T08:25:37.412Z] [32minfo[39m: ==== Bot ready :: ProIntro =====
[2022-11-13T08:26:14.402Z] [32minfo[39m: ==== Bot ready :: ProIntro =====
[2022-11-13T08:26:21.445Z] [32minfo[39m: ==== Bot ready :: ProIntro =====
[2022-11-13T08:26:47.193Z] [32minfo[39m: ==== Bot ready :: ProIntro =====
[2022-11-13T08:27:20.013Z] [32minfo[39m: ==== Bot ready :: ProIntro =====
[2022-11-13T08:37:09.277Z] [32minfo[39m: ==== Bot ready :: ProIntro =====
[2022-11-13T08:37:59.484Z] [32minfo[39m: ==== Bot ready :: ProIntro =====
[2022-11-13T08:38:06.231Z] [32minfo[39m: ==== Bot ready :: ProIntro =====
[2022-11-13T08:38:14.900Z] [32minfo[39m: ==== Bot ready :: ProIntro =====
[2022-11-13T08:38:49.315Z] [32minfo[39m: ==== Bot ready :: ProIntro =====
[2022-11-13T08:39:38.428Z] [32minfo[39m: ==== Bot ready :: ProIntro =====
[2022-11-13T08:40:13.165Z] [32minfo[39m: ==== Bot ready :: ProIntro =====
[2022-11-13T08:40:41.986Z] [32minfo[39m: ==== Bot ready :: ProIntro =====
[2022-11-13T08:40:46.305Z] [32minfo[39m: ==== Bot ready :: ProIntro =====
[2022-11-13T08:40:56.593Z] [32minfo[39m: ==== Bot ready :: ProIntro =====
[2022-11-13T08:40:59.014Z] [32minfo[39m: ==== Bot ready :: ProIntro =====
[2022-11-13T08:41:12.863Z] [32minfo[39m: ==== Bot ready :: ProIntro =====
[2022-11-13T08:41:21.096Z] [32minfo[39m: ==== Bot ready :: ProIntro =====
[2022-11-13T08:41:43.420Z] [32minfo[39m: ==== Bot ready :: ProIntro =====
[2022-11-13T08:41:48.423Z] [32minfo[39m: ==== Bot ready :: ProIntro =====
[2022-11-13T08:41:55.084Z] [32minfo[39m: ==== Bot ready :: ProIntro =====
[2022-11-13T08:42:03.878Z] [32minfo[39m: ==== Bot ready :: ProIntro =====
[2022-11-13T08:42:17.284Z] [32minfo[39m: ==== Bot ready :: ProIntro =====
[2022-11-13T08:42:27.584Z] [32minfo[39m: ==== Bot ready :: ProIntro =====
[2022-11-13T08:42:36.534Z] [32minfo[39m: ==== Bot ready :: ProIntro =====
[2022-11-13T08:43:22.105Z] [32minfo[39m: ==== Bot ready :: ProIntro =====
[2022-11-13T08:43:35.626Z] [32minfo[39m: ==== Bot ready :: ProIntro =====
[2022-11-13T08:51:19.490Z] [32minfo[39m: ==== Bot ready :: ProIntro =====
[2022-11-13T08:52:25.581Z] [32minfo[39m: ==== Bot ready :: ProIntro =====
[2022-11-13T08:52:56.288Z] [32minfo[39m: ==== Bot ready :: ProIntro =====
[2022-11-13T08:53:04.469Z] [32minfo[39m: ==== Bot ready :: ProIntro =====
[2022-11-13T08:56:48.025Z] [32minfo[39m: ==== Bot ready :: ProIntro =====
[2022-11-13T08:59:23.263Z] [32minfo[39m: ==== Bot ready :: ProIntro =====
[2022-11-13T09:01:48.583Z] [32minfo[39m: ==== Bot ready :: ProIntro =====
[2022-11-13T09:05:25.936Z] [32minfo[39m: ==== Bot ready :: ProIntro =====
[2022-11-13T09:05:39.113Z] [32minfo[39m: ==== Bot ready :: ProIntro =====
[2022-11-13T09:05:56.841Z] [32minfo[39m: ==== Bot ready :: ProIntro =====
[2022-11-13T09:11:01.053Z] [32minfo[39m: ==== Bot ready :: ProIntro =====
[2022-11-13T09:11:19.696Z] [32minfo[39m: ==== Bot ready :: ProIntro =====
[2022-11-13T09:11:50.148Z] [32minfo[39m: ==== Bot ready :: ProIntro =====
[2022-11-13T09:12:07.948Z] [32minfo[39m: ==== Bot ready :: ProIntro =====
[2022-11-13T09:15:29.358Z] [32minfo[39m: ==== Bot ready :: ProIntro =====
[2022-11-13T09:15:32.932Z] [32minfo[39m: ==== Bot ready :: ProIntro =====
[2022-11-13T09:15:39.770Z] [32minfo[39m: ==== Bot ready :: ProIntro =====
[2022-11-13T09:16:30.553Z] [32minfo[39m: ==== Bot ready :: ProIntro =====
[2022-11-13T09:16:45.622Z] [32minfo[39m: ==== Bot ready :: ProIntro =====
[2022-11-13T09:16:50.771Z] [32minfo[39m: ==== Bot ready :: ProIntro =====
[2022-11-13T09:17:08.742Z] [32minfo[39m: ==== Bot ready :: ProIntro =====
[2022-11-14T06:36:26.444Z] [32minfo[39m: ==== Bot ready :: ProIntro =====
[2022-11-14T06:40:07.921Z] [32minfo[39m: ==== Bot ready :: ProIntro =====
[2022-11-14T06:40:58.522Z] [32minfo[39m: ==== Bot ready :: ProIntro =====
[2022-11-14T06:41:03.712Z] [32minfo[39m: ==== Bot ready :: ProIntro =====
[2022-11-14T06:41:19.253Z] [32minfo[39m: ==== Bot ready :: ProIntro =====
[2022-11-14T06:41:24.768Z] [32minfo[39m: ==== Bot ready :: ProIntro =====
[2022-11-14T06:42:03.952Z] [32minfo[39m: ==== Bot ready :: ProIntro =====
[2022-11-14T06:42:09.376Z] [32minfo[39m: ==== Bot ready :: ProIntro =====
[2022-11-14T06:42:15.114Z] [32minfo[39m: ==== Bot ready :: ProIntro =====
[2022-11-14T06:42:56.477Z] [32minfo[39m: ==== Bot ready :: ProIntro =====
[2022-11-14T06:45:12.680Z] [32minfo[39m: ==== Bot ready :: ProIntro =====
[2022-11-14T06:45:39.423Z] [32minfo[39m: ==== Bot ready :: ProIntro =====
[2022-11-14T06:46:29.163Z] [32minfo[39m: ==== Bot ready :: ProIntro =====
[2022-11-14T07:00:07.041Z] [32minfo[39m: ==== Bot ready :: ProIntro =====
[2022-11-14T07:06:51.424Z] [32minfo[39m: ==== Bot ready :: ProIntro =====
[2022-11-14T07:08:07.476Z] [32minfo[39m: [object Object]
[2022-11-14T07:08:07.541Z] [32minfo[39m: [object Object]
[2022-11-14T07:08:07.541Z] [32minfo[39m: [object Object]
[2022-11-14T07:08:07.542Z] [32minfo[39m: [object Object]
[2022-11-14T07:08:09.273Z] [32minfo[39m: ==== Bot ready :: ProIntro =====
[2022-11-14T07:08:37.144Z] [32minfo[39m: ping
[2022-11-14T07:08:37.204Z] [32minfo[39m: profile
[2022-11-14T07:08:37.205Z] [32minfo[39m: report-bug
[2022-11-14T07:08:37.205Z] [32minfo[39m: stats
[2022-11-14T07:08:38.880Z] [32minfo[39m: ==== Bot ready :: ProIntro =====
[2022-11-14T07:08:40.737Z] [32minfo[39m: ping loaded
[2022-11-14T07:08:40.800Z] [32minfo[39m: profile loaded
[2022-11-14T07:08:40.801Z] [32minfo[39m: report-bug loaded
[2022-11-14T07:08:40.802Z] [32minfo[39m: stats loaded
[2022-11-14T07:08:42.296Z] [32minfo[39m: ==== Bot ready :: ProIntro =====
[2022-11-14T07:09:23.309Z] [32minfo[39m: ping loaded
[2022-11-14T07:09:23.376Z] [32minfo[39m: profile loaded
[2022-11-14T07:09:23.376Z] [32minfo[39m: report-bug loaded
[2022-11-14T07:09:23.377Z] [32minfo[39m: stats loaded
[2022-11-14T07:09:25.009Z] [32minfo[39m: ==== Bot ready :: ProIntro =====
[2022-11-14T07:09:34.908Z] [32minfo[39m: ping loaded
[2022-11-14T07:09:34.972Z] [32minfo[39m: profile loaded
[2022-11-14T07:09:34.973Z] [32minfo[39m: report-bug loaded
[2022-11-14T07:09:34.974Z] [32minfo[39m: stats loaded
[2022-11-14T07:09:36.689Z] [32minfo[39m: ==== Bot ready :: ProIntro =====
[2022-11-14T07:39:42.859Z] [32minfo[39m: ping loaded
[2022-11-14T07:39:43.365Z] [32minfo[39m: profile loaded
[2022-11-14T07:39:43.590Z] [32minfo[39m: report-bug loaded
[2022-11-14T07:39:43.683Z] [32minfo[39m: stats loaded
[2022-11-14T07:39:45.673Z] [32minfo[39m: ==== Bot ready :: ProIntro =====
[2022-11-14T07:43:42.651Z] [32minfo[39m: ping loaded
[2022-11-14T07:43:42.738Z] [32minfo[39m: profile loaded
[2022-11-14T07:43:42.739Z] [32minfo[39m: report-bug loaded
[2022-11-14T07:43:42.740Z] [32minfo[39m: stats loaded
[2022-11-14T07:43:44.833Z] [32minfo[39m: ==== Bot ready :: ProIntro =====
[2022-11-14T07:43:46.595Z] [32minfo[39m: ping loaded
[2022-11-14T07:43:46.663Z] [32minfo[39m: profile loaded
[2022-11-14T07:43:46.664Z] [32minfo[39m: report-bug loaded
[2022-11-14T07:43:46.664Z] [32minfo[39m: stats loaded
[2022-11-14T07:43:48.462Z] [32minfo[39m: ==== Bot ready :: ProIntro =====
[2022-11-14T08:08:46.812Z] [32minfo[39m: ping loaded
[2022-11-14T08:08:47.669Z] [32minfo[39m: profile loaded
[2022-11-14T08:08:47.880Z] [32minfo[39m: report-bug loaded
[2022-11-14T08:08:47.993Z] [32minfo[39m: stats loaded
[2022-11-14T08:08:52.664Z] [32minfo[39m: ==== Bot ready :: ProIntro =====
[2022-11-14T08:16:48.272Z] [32minfo[39m: ping loaded
[2022-11-14T08:16:48.382Z] [32minfo[39m: profile loaded
[2022-11-14T08:16:48.382Z] [32minfo[39m: report-bug loaded
[2022-11-14T08:16:48.383Z] [32minfo[39m: stats loaded
[2022-11-14T08:16:50.958Z] [32minfo[39m: ==== Bot ready :: ProIntro =====
[2022-11-14T08:16:52.152Z] [32minfo[39m: ping loaded
[2022-11-14T08:16:52.223Z] [32minfo[39m: profile loaded
[2022-11-14T08:16:52.224Z] [32minfo[39m: report-bug loaded
[2022-11-14T08:16:52.225Z] [32minfo[39m: stats loaded
[2022-11-14T08:16:53.496Z] [32minfo[39m: ==== Bot ready :: ProIntro =====
[2022-11-14T08:16:56.812Z] [32minfo[39m: ping loaded
[2022-11-14T08:16:56.889Z] [32minfo[39m: profile loaded
[2022-11-14T08:16:56.889Z] [32minfo[39m: report-bug loaded
[2022-11-14T08:16:56.890Z] [32minfo[39m: stats loaded
[2022-11-14T08:16:59.875Z] [32minfo[39m: ping loaded
[2022-11-14T08:16:59.950Z] [32minfo[39m: profile loaded
[2022-11-14T08:16:59.951Z] [32minfo[39m: report-bug loaded
[2022-11-14T08:16:59.951Z] [32minfo[39m: stats loaded
[2022-11-14T08:17:02.413Z] [32minfo[39m: ==== Bot ready :: ProIntro =====
[2022-11-14T08:18:48.256Z] [32minfo[39m: ping loaded
[2022-11-14T08:18:48.334Z] [32minfo[39m: profile loaded
[2022-11-14T08:18:48.335Z] [32minfo[39m: report-bug loaded
[2022-11-14T08:18:48.335Z] [32minfo[39m: stats loaded
[2022-11-14T08:18:50.682Z] [32minfo[39m: ping loaded
[2022-11-14T08:18:50.751Z] [32minfo[39m: profile loaded
[2022-11-14T08:18:50.752Z] [32minfo[39m: report-bug loaded
[2022-11-14T08:18:50.752Z] [32minfo[39m: stats loaded
[2022-11-14T08:18:53.193Z] [32minfo[39m: ==== Bot ready :: ProIntro =====
[2022-11-14T08:19:49.330Z] [32minfo[39m: ping loaded
[2022-11-14T08:19:49.403Z] [32minfo[39m: profile loaded
[2022-11-14T08:19:49.403Z] [32minfo[39m: report-bug loaded
[2022-11-14T08:19:49.404Z] [32minfo[39m: stats loaded
[2022-11-14T08:19:52.508Z] [32minfo[39m: ping loaded
[2022-11-14T08:19:52.579Z] [32minfo[39m: profile loaded
[2022-11-14T08:19:52.580Z] [32minfo[39m: report-bug loaded
[2022-11-14T08:19:52.581Z] [32minfo[39m: stats loaded
[2022-11-14T08:19:54.932Z] [32minfo[39m: ==== Bot ready :: ProIntro =====
[2022-11-14T08:21:46.691Z] [32minfo[39m: ping loaded
[2022-11-14T08:21:46.756Z] [32minfo[39m: profile loaded
[2022-11-14T08:21:46.756Z] [32minfo[39m: report-bug loaded
[2022-11-14T08:21:46.757Z] [32minfo[39m: stats loaded
[2022-11-14T08:21:53.450Z] [32minfo[39m: ping loaded
[2022-11-14T08:21:53.515Z] [32minfo[39m: profile loaded
[2022-11-14T08:21:53.516Z] [32minfo[39m: report-bug loaded
[2022-11-14T08:21:53.517Z] [32minfo[39m: stats loaded
[2022-11-14T08:21:55.076Z] [32minfo[39m: ==== Bot ready :: ProIntro =====
[2022-11-14T08:22:03.363Z] [32minfo[39m: ping loaded
[2022-11-14T08:22:03.425Z] [32minfo[39m: profile loaded
[2022-11-14T08:22:03.426Z] [32minfo[39m: report-bug loaded
[2022-11-14T08:22:03.427Z] [32minfo[39m: stats loaded
[2022-11-14T08:22:06.062Z] [32minfo[39m: ==== Bot ready :: ProIntro =====
[2022-11-14T08:22:12.045Z] [32minfo[39m: ping loaded
[2022-11-14T08:22:12.111Z] [32minfo[39m: profile loaded
[2022-11-14T08:22:12.112Z] [32minfo[39m: report-bug loaded
[2022-11-14T08:22:12.112Z] [32minfo[39m: stats loaded
[2022-11-14T08:22:15.144Z] [32minfo[39m: ==== Bot ready :: ProIntro =====
[2022-11-14T08:23:15.628Z] [32minfo[39m: ping loaded
[2022-11-14T08:23:15.693Z] [32minfo[39m: profile loaded
[2022-11-14T08:23:15.694Z] [32minfo[39m: report-bug loaded
[2022-11-14T08:23:15.694Z] [32minfo[39m: stats loaded
[2022-11-14T08:23:22.322Z] [32minfo[39m: ping loaded
[2022-11-14T08:23:22.393Z] [32minfo[39m: profile loaded
[2022-11-14T08:23:22.394Z] [32minfo[39m: report-bug loaded
[2022-11-14T08:23:22.394Z] [32minfo[39m: stats loaded
[2022-11-14T08:23:24.854Z] [32minfo[39m: ==== Bot ready :: ProIntro =====
[2022-11-14T08:25:22.400Z] [32minfo[39m: ping loaded
[2022-11-14T08:25:22.463Z] [32minfo[39m: profile loaded
[2022-11-14T08:25:22.464Z] [32minfo[39m: report-bug loaded
[2022-11-14T08:25:22.465Z] [32minfo[39m: stats loaded
[2022-11-14T08:25:24.483Z] [32minfo[39m: ==== Bot ready :: ProIntro =====
[2022-11-14T08:25:29.804Z] [32minfo[39m: ping loaded
[2022-11-14T08:25:29.870Z] [32minfo[39m: profile loaded
[2022-11-14T08:25:29.871Z] [32minfo[39m: report-bug loaded
[2022-11-14T08:25:29.871Z] [32minfo[39m: stats loaded
[2022-11-14T08:25:32.471Z] [32minfo[39m: ==== Bot ready :: ProIntro =====
[2022-11-14T08:25:38.660Z] [32minfo[39m: ping loaded
[2022-11-14T08:25:38.733Z] [32minfo[39m: profile loaded
[2022-11-14T08:25:38.734Z] [32minfo[39m: report-bug loaded
[2022-11-14T08:25:38.735Z] [32minfo[39m: stats loaded
[2022-11-14T08:25:41.563Z] [32minfo[39m: ==== Bot ready :: ProIntro =====
[2022-11-14T08:25:42.886Z] [32minfo[39m: ping loaded
[2022-11-14T08:25:42.952Z] [32minfo[39m: profile loaded
[2022-11-14T08:25:42.953Z] [32minfo[39m: report-bug loaded
[2022-11-14T08:25:42.954Z] [32minfo[39m: stats loaded
[2022-11-14T08:25:45.449Z] [32minfo[39m: ==== Bot ready :: ProIntro =====
[2022-11-14T08:25:47.759Z] [32minfo[39m: ping loaded
[2022-11-14T08:25:47.827Z] [32minfo[39m: profile loaded
[2022-11-14T08:25:47.828Z] [32minfo[39m: report-bug loaded
[2022-11-14T08:25:47.828Z] [32minfo[39m: stats loaded
[2022-11-14T08:25:51.559Z] [32minfo[39m: ping loaded
[2022-11-14T08:25:51.630Z] [32minfo[39m: profile loaded
[2022-11-14T08:25:51.631Z] [32minfo[39m: report-bug loaded
[2022-11-14T08:25:51.632Z] [32minfo[39m: stats loaded
[2022-11-14T08:25:53.573Z] [32minfo[39m: ping loaded
[2022-11-14T08:25:53.645Z] [32minfo[39m: profile loaded
[2022-11-14T08:25:53.646Z] [32minfo[39m: report-bug loaded
[2022-11-14T08:25:53.646Z] [32minfo[39m: stats loaded
[2022-11-14T08:25:56.742Z] [32minfo[39m: ==== Bot ready :: ProIntro =====
[2022-11-14T08:25:57.710Z] [32minfo[39m: ping loaded
[2022-11-14T08:25:57.777Z] [32minfo[39m: profile loaded
[2022-11-14T08:25:57.778Z] [32minfo[39m: report-bug loaded
[2022-11-14T08:25:57.779Z] [32minfo[39m: stats loaded
[2022-11-14T08:26:00.016Z] [32minfo[39m: ==== Bot ready :: ProIntro =====
[2022-11-14T08:27:03.157Z] [32minfo[39m: ping loaded
[2022-11-14T08:27:03.227Z] [32minfo[39m: profile loaded
[2022-11-14T08:27:03.228Z] [32minfo[39m: report-bug loaded
[2022-11-14T08:27:03.229Z] [32minfo[39m: stats loaded
[2022-11-14T08:27:05.761Z] [32minfo[39m: ==== Bot ready :: ProIntro =====
[2022-11-14T08:27:10.059Z] [32minfo[39m: ping loaded
[2022-11-14T08:27:10.125Z] [32minfo[39m: profile loaded
[2022-11-14T08:27:10.125Z] [32minfo[39m: report-bug loaded
[2022-11-14T08:27:10.126Z] [32minfo[39m: stats loaded
[2022-11-14T08:27:12.228Z] [32minfo[39m: ==== Bot ready :: ProIntro =====
[2022-11-17T13:12:23.304Z] [32minfo[39m: ping loaded
[2022-11-17T13:12:24.342Z] [32minfo[39m: profile loaded
[2022-11-17T13:12:24.591Z] [32minfo[39m: report-bug loaded
[2022-11-17T13:12:24.749Z] [32minfo[39m: stats loaded
[2022-11-17T13:12:28.410Z] [32minfo[39m: ==== Bot ready :: ProIntro =====
[2022-11-18T12:05:04.790Z] [32minfo[39m: ping loaded
[2022-11-18T12:05:05.583Z] [32minfo[39m: profile loaded
[2022-11-18T12:05:05.861Z] [32minfo[39m: report-bug loaded
[2022-11-18T12:05:05.993Z] [32minfo[39m: stats loaded
[2022-11-18T12:05:09.174Z] [32minfo[39m: ==== Bot ready :: SAY HELLO =====
